<?xml version="1.0" encoding="UTF-8"?>
<testsuite name="com.jojoldu.book.springboot.web.IndexControllerTest" tests="1" skipped="0" failures="0" errors="0" timestamp="2021-03-24T04:34:21" hostname="DESKTOP-IBVABJT" time="0.185">
  <properties/>
  <testcase name="메인페이지_로딩()" classname="com.jojoldu.book.springboot.web.IndexControllerTest" time="0.185"/>
  <system-out><![CDATA[2021-03-24 13:34:19.438  INFO 16512 --- [    Test worker] .b.t.c.SpringBootTestContextBootstrapper : Neither @ContextConfiguration nor @ContextHierarchy found for test class [com.jojoldu.book.springboot.web.IndexControllerTest], using SpringBootContextLoader
2021-03-24 13:34:19.439  INFO 16512 --- [    Test worker] o.s.t.c.support.AbstractContextLoader    : Could not detect default resource locations for test class [com.jojoldu.book.springboot.web.IndexControllerTest]: no resource found for suffixes {-context.xml, Context.groovy}.
2021-03-24 13:34:19.439  INFO 16512 --- [    Test worker] t.c.s.AnnotationConfigContextLoaderUtils : Could not detect default configuration classes for test class [com.jojoldu.book.springboot.web.IndexControllerTest]: IndexControllerTest does not declare any static, non-private, non-final, nested classes annotated with @Configuration.
2021-03-24 13:34:19.441  INFO 16512 --- [    Test worker] .b.t.c.SpringBootTestContextBootstrapper : Found @SpringBootConfiguration com.jojoldu.book.springboot.Application for test class com.jojoldu.book.springboot.web.IndexControllerTest
2021-03-24 13:34:19.443  INFO 16512 --- [    Test worker] .b.t.c.SpringBootTestContextBootstrapper : Loaded default TestExecutionListener class names from location [META-INF/spring.factories]: [org.springframework.security.test.context.support.WithSecurityContextTestExecutionListener, org.springframework.security.test.context.support.ReactorContextTestExecutionListener, org.springframework.boot.test.autoconfigure.restdocs.RestDocsTestExecutionListener, org.springframework.boot.test.autoconfigure.web.client.MockRestServiceServerResetTestExecutionListener, org.springframework.boot.test.autoconfigure.web.servlet.MockMvcPrintOnlyOnFailureTestExecutionListener, org.springframework.boot.test.autoconfigure.web.servlet.WebDriverTestExecutionListener, org.springframework.boot.test.autoconfigure.webservices.client.MockWebServiceServerTestExecutionListener, org.springframework.boot.test.mock.mockito.MockitoTestExecutionListener, org.springframework.boot.test.mock.mockito.ResetMocksTestExecutionListener, org.springframework.test.context.web.ServletTestExecutionListener, org.springframework.test.context.support.DirtiesContextBeforeModesTestExecutionListener, org.springframework.test.context.support.DependencyInjectionTestExecutionListener, org.springframework.test.context.support.DirtiesContextTestExecutionListener, org.springframework.test.context.transaction.TransactionalTestExecutionListener, org.springframework.test.context.jdbc.SqlScriptsTestExecutionListener, org.springframework.test.context.event.EventPublishingTestExecutionListener]
2021-03-24 13:34:19.444  INFO 16512 --- [    Test worker] .b.t.c.SpringBootTestContextBootstrapper : Using TestExecutionListeners: [org.springframework.test.context.web.ServletTestExecutionListener@3720315e, org.springframework.test.context.support.DirtiesContextBeforeModesTestExecutionListener@15a55728, org.springframework.boot.test.mock.mockito.MockitoTestExecutionListener@1f1fb64d, org.springframework.boot.test.autoconfigure.SpringBootDependencyInjectionTestExecutionListener@32c51fb0, org.springframework.test.context.support.DirtiesContextTestExecutionListener@4597277, org.springframework.test.context.transaction.TransactionalTestExecutionListener@3bfa79c3, org.springframework.test.context.jdbc.SqlScriptsTestExecutionListener@59351d2f, org.springframework.security.test.context.support.WithSecurityContextTestExecutionListener@4317a126, org.springframework.test.context.event.EventPublishingTestExecutionListener@c12b9f9, org.springframework.security.test.context.support.ReactorContextTestExecutionListener@644eedd9, org.springframework.boot.test.autoconfigure.restdocs.RestDocsTestExecutionListener@15e3581a, org.springframework.boot.test.autoconfigure.web.client.MockRestServiceServerResetTestExecutionListener@6b83d511, org.springframework.boot.test.autoconfigure.web.servlet.MockMvcPrintOnlyOnFailureTestExecutionListener@72c774e9, org.springframework.boot.test.autoconfigure.web.servlet.WebDriverTestExecutionListener@61f46f4d, org.springframework.boot.test.autoconfigure.webservices.client.MockWebServiceServerTestExecutionListener@6ed8d8e1, org.springframework.boot.test.mock.mockito.ResetMocksTestExecutionListener@1b86b376]

  .   ____          _            __ _ _
 /\\ / ___'_ __ _ _(_)_ __  __ _ \ \ \ \
( ( )\___ | '_ | '_| | '_ \/ _` | \ \ \ \
 \\/  ___)| |_)| | | | | || (_| |  ) ) ) )
  '  |____| .__|_| |_|_| |_\__, | / / / /
 =========|_|==============|___/=/_/_/_/
 :: Spring Boot ::                (v2.4.1)

2021-03-24 13:34:19.475  INFO 16512 --- [    Test worker] c.j.b.s.web.IndexControllerTest          : Starting IndexControllerTest using Java 11.0.10 on DESKTOP-IBVABJT with PID 16512 (started by exa in C:\Users\exa\IdeaProjects\freelect-springboot2-webservice)
2021-03-24 13:34:19.476  INFO 16512 --- [    Test worker] c.j.b.s.web.IndexControllerTest          : No active profile set, falling back to default profiles: default
2021-03-24 13:34:19.705  INFO 16512 --- [    Test worker] .s.d.r.c.RepositoryConfigurationDelegate : Bootstrapping Spring Data JPA repositories in DEFAULT mode.
2021-03-24 13:34:19.731  INFO 16512 --- [    Test worker] .s.d.r.c.RepositoryConfigurationDelegate : Finished Spring Data repository scanning in 26 ms. Found 2 JPA repository interfaces.
2021-03-24 13:34:20.039  INFO 16512 --- [    Test worker] o.s.b.w.embedded.tomcat.TomcatWebServer  : Tomcat initialized with port(s): 0 (http)
2021-03-24 13:34:20.053  INFO 16512 --- [    Test worker] o.apache.catalina.core.StandardService   : Starting service [Tomcat]
2021-03-24 13:34:20.053  INFO 16512 --- [    Test worker] org.apache.catalina.core.StandardEngine  : Starting Servlet engine: [Apache Tomcat/9.0.41]
2021-03-24 13:34:20.219  INFO 16512 --- [    Test worker] o.a.c.c.C.[Tomcat].[localhost].[/]       : Initializing Spring embedded WebApplicationContext
2021-03-24 13:34:20.219  INFO 16512 --- [    Test worker] w.s.c.ServletWebServerApplicationContext : Root WebApplicationContext: initialization completed in 740 ms
2021-03-24 13:34:20.347  INFO 16512 --- [    Test worker] com.zaxxer.hikari.HikariDataSource       : HikariPool-2 - Starting...
2021-03-24 13:34:20.348  INFO 16512 --- [    Test worker] com.zaxxer.hikari.HikariDataSource       : HikariPool-2 - Start completed.
2021-03-24 13:34:20.378  INFO 16512 --- [    Test worker] o.hibernate.jpa.internal.util.LogHelper  : HHH000204: Processing PersistenceUnitInfo [name: default]
2021-03-24 13:34:20.395  INFO 16512 --- [    Test worker] org.hibernate.dialect.Dialect            : HHH000400: Using dialect: org.hibernate.dialect.MySQL57Dialect
Hibernate: drop table if exists posts
Hibernate: drop table if exists user
Hibernate: create table posts (id bigint not null auto_increment, created_date datetime(6), modified_date datetime(6), author varchar(255), content TEXT not null, title varchar(500) not null, primary key (id)) engine=InnoDB
Hibernate: create table user (id bigint not null auto_increment, created_date datetime(6), modified_date datetime(6), email varchar(255) not null, name varchar(255) not null, picture varchar(255), role varchar(255) not null, primary key (id)) engine=InnoDB
2021-03-24 13:34:20.447  INFO 16512 --- [    Test worker] o.h.e.t.j.p.i.JtaPlatformInitiator       : HHH000490: Using JtaPlatform implementation: [org.hibernate.engine.transaction.jta.platform.internal.NoJtaPlatform]
2021-03-24 13:34:20.448  INFO 16512 --- [    Test worker] j.LocalContainerEntityManagerFactoryBean : Initialized JPA EntityManagerFactory for persistence unit 'default'
2021-03-24 13:34:20.671  WARN 16512 --- [    Test worker] JpaBaseConfiguration$JpaWebConfiguration : spring.jpa.open-in-view is enabled by default. Therefore, database queries may be performed during view rendering. Explicitly configure spring.jpa.open-in-view to disable this warning
2021-03-24 13:34:20.867  INFO 16512 --- [    Test worker] o.s.s.web.DefaultSecurityFilterChain     : Will secure any request with [org.springframework.security.web.context.request.async.WebAsyncManagerIntegrationFilter@f6e4dca, org.springframework.security.web.context.SecurityContextPersistenceFilter@1684684e, org.springframework.security.web.header.HeaderWriterFilter@5eed7886, org.springframework.security.web.authentication.logout.LogoutFilter@5550597c, org.springframework.security.oauth2.client.web.OAuth2AuthorizationRequestRedirectFilter@526b5ffb, org.springframework.security.oauth2.client.web.OAuth2LoginAuthenticationFilter@7a142cf5, org.springframework.security.web.authentication.ui.DefaultLoginPageGeneratingFilter@2425c159, org.springframework.security.web.authentication.ui.DefaultLogoutPageGeneratingFilter@7e7195c1, org.springframework.security.web.savedrequest.RequestCacheAwareFilter@4390ea4f, org.springframework.security.web.servletapi.SecurityContextHolderAwareRequestFilter@760c83f3, org.springframework.security.web.authentication.AnonymousAuthenticationFilter@76ed9973, org.springframework.security.web.session.SessionManagementFilter@5841474c, org.springframework.security.web.access.ExceptionTranslationFilter@3f4d5180, org.springframework.security.web.access.intercept.FilterSecurityInterceptor@7410bfd1]
2021-03-24 13:34:20.977  INFO 16512 --- [    Test worker] o.s.s.concurrent.ThreadPoolTaskExecutor  : Initializing ExecutorService 'applicationTaskExecutor'
2021-03-24 13:34:21.009  INFO 16512 --- [    Test worker] o.s.b.a.w.s.WelcomePageHandlerMapping    : Adding welcome page template: index
2021-03-24 13:34:21.226  INFO 16512 --- [    Test worker] o.s.b.w.embedded.tomcat.TomcatWebServer  : Tomcat started on port(s): 58305 (http) with context path ''
2021-03-24 13:34:21.228  INFO 16512 --- [    Test worker] s.a.ScheduledAnnotationBeanPostProcessor : No TaskScheduler/ScheduledExecutorService bean found for scheduled processing
2021-03-24 13:34:21.229  INFO 16512 --- [    Test worker] c.j.b.s.web.IndexControllerTest          : Started IndexControllerTest in 1.782 seconds (JVM running for 10.101)
2021-03-24 13:34:21.335  INFO 16512 --- [o-auto-1-exec-1] o.a.c.c.C.[Tomcat].[localhost].[/]       : Initializing Spring DispatcherServlet 'dispatcherServlet'
2021-03-24 13:34:21.336  INFO 16512 --- [o-auto-1-exec-1] o.s.web.servlet.DispatcherServlet        : Initializing Servlet 'dispatcherServlet'
2021-03-24 13:34:21.337  INFO 16512 --- [o-auto-1-exec-1] o.s.web.servlet.DispatcherServlet        : Completed initialization in 1 ms
Hibernate: select posts0_.id as id1_0_, posts0_.created_date as created_2_0_, posts0_.modified_date as modified3_0_, posts0_.author as author4_0_, posts0_.content as content5_0_, posts0_.title as title6_0_ from posts posts0_ order by posts0_.id DESC
]]></system-out>
  <system-err><![CDATA[]]></system-err>
</testsuite>
